-------------------------------------------------------------------------------
Test set: com.h3ll3m4.DashboardIoTApplicationTests
-------------------------------------------------------------------------------
Tests run: 1, Failures: 0, Errors: 1, Skipped: 0, Time elapsed: 0.966 s <<< FAILURE! - in com.h3ll3m4.DashboardIoTApplicationTests
com.h3ll3m4.DashboardIoTApplicationTests  Time elapsed: 0.962 s  <<< ERROR!
java.lang.IllegalStateException: Unable to find a @SpringBootConfiguration, you need to use @ContextConfiguration or @SpringBootTest(classes=...) with your test

