<?xml version="1.0" encoding="UTF-8"?>
<testsuite xmlns:xsi="http://www.w3.org/2001/XMLSchema-instance" xsi:noNamespaceSchemaLocation="https://maven.apache.org/surefire/maven-surefire-plugin/xsd/surefire-test-report.xsd" name="com.h3ll3m4.DashboardIoTApplicationTests" time="0.966" tests="1" errors="1" skipped="0" failures="0">
  <properties>
[...]
</properties>
  <testcase name="com.h3ll3m4.DashboardIoTApplicationTests" classname="com.h3ll3m4.DashboardIoTApplicationTests" time="0.962">
    <error message="Unable to find a @SpringBootConfiguration, you need to use @ContextConfiguration or @SpringBootTest(classes=...) with your test" type="java.lang.IllegalStateException">java.lang.IllegalStateException: Unable to find a @SpringBootConfiguration, you need to use @ContextConfiguration or @SpringBootTest(classes=...) with your test
</error>
    <system-out><![CDATA[13:46:02.235 [main] DEBUG org.springframework.test.context.BootstrapUtils - Instantiating CacheAwareContextLoaderDelegate from class [org.springframework.test.context.cache.DefaultCacheAwareContextLoaderDelegate]
13:46:02.283 [main] DEBUG org.springframework.test.context.BootstrapUtils - Instantiating BootstrapContext using constructor [public org.springframework.test.context.support.DefaultBootstrapContext(java.lang.Class,org.springframework.test.context.CacheAwareContextLoaderDelegate)]
13:46:02.379 [main] DEBUG org.springframework.test.context.BootstrapUtils - Instantiating TestContextBootstrapper for test class [com.h3ll3m4.DashboardIoTApplicationTests] from class [org.springframework.boot.test.context.SpringBootTestContextBootstrapper]
13:46:02.466 [main] INFO org.springframework.boot.test.context.SpringBootTestContextBootstrapper - Neither @ContextConfiguration nor @ContextHierarchy found for test class [com.h3ll3m4.DashboardIoTApplicationTests], using SpringBootContextLoader
13:46:02.477 [main] DEBUG org.springframework.test.context.support.AbstractContextLoader - Did not detect default resource location for test class [com.h3ll3m4.DashboardIoTApplicationTests]: class path resource [com/h3ll3m4/DashboardIoTApplicationTests-context.xml] does not exist
13:46:02.478 [main] DEBUG org.springframework.test.context.support.AbstractContextLoader - Did not detect default resource location for test class [com.h3ll3m4.DashboardIoTApplicationTests]: class path resource [com/h3ll3m4/DashboardIoTApplicationTestsContext.groovy] does not exist
13:46:02.480 [main] INFO org.springframework.test.context.support.AbstractContextLoader - Could not detect default resource locations for test class [com.h3ll3m4.DashboardIoTApplicationTests]: no resource found for suffixes {-context.xml, Context.groovy}.
13:46:02.484 [main] INFO org.springframework.test.context.support.AnnotationConfigContextLoaderUtils - Could not detect default configuration classes for test class [com.h3ll3m4.DashboardIoTApplicationTests]: DashboardIoTApplicationTests does not declare any static, non-private, non-final, nested classes annotated with @Configuration.
13:46:02.608 [main] DEBUG org.springframework.test.context.support.ActiveProfilesUtils - Could not find an 'annotation declaring class' for annotation type [org.springframework.test.context.ActiveProfiles] and class [com.h3ll3m4.DashboardIoTApplicationTests]
13:46:02.817 [main] DEBUG org.springframework.test.context.BootstrapUtils - Instantiating CacheAwareContextLoaderDelegate from class [org.springframework.test.context.cache.DefaultCacheAwareContextLoaderDelegate]
13:46:02.818 [main] DEBUG org.springframework.test.context.BootstrapUtils - Instantiating BootstrapContext using constructor [public org.springframework.test.context.support.DefaultBootstrapContext(java.lang.Class,org.springframework.test.context.CacheAwareContextLoaderDelegate)]
13:46:02.820 [main] DEBUG org.springframework.test.context.BootstrapUtils - Instantiating TestContextBootstrapper for test class [com.h3ll3m4.DashboardIoTApplicationTests] from class [org.springframework.boot.test.context.SpringBootTestContextBootstrapper]
13:46:02.821 [main] INFO org.springframework.boot.test.context.SpringBootTestContextBootstrapper - Neither @ContextConfiguration nor @ContextHierarchy found for test class [com.h3ll3m4.DashboardIoTApplicationTests], using SpringBootContextLoader
13:46:02.822 [main] DEBUG org.springframework.test.context.support.AbstractContextLoader - Did not detect default resource location for test class [com.h3ll3m4.DashboardIoTApplicationTests]: class path resource [com/h3ll3m4/DashboardIoTApplicationTests-context.xml] does not exist
13:46:02.823 [main] DEBUG org.springframework.test.context.support.AbstractContextLoader - Did not detect default resource location for test class [com.h3ll3m4.DashboardIoTApplicationTests]: class path resource [com/h3ll3m4/DashboardIoTApplicationTestsContext.groovy] does not exist
13:46:02.823 [main] INFO org.springframework.test.context.support.AbstractContextLoader - Could not detect default resource locations for test class [com.h3ll3m4.DashboardIoTApplicationTests]: no resource found for suffixes {-context.xml, Context.groovy}.
13:46:02.824 [main] INFO org.springframework.test.context.support.AnnotationConfigContextLoaderUtils - Could not detect default configuration classes for test class [com.h3ll3m4.DashboardIoTApplicationTests]: DashboardIoTApplicationTests does not declare any static, non-private, non-final, nested classes annotated with @Configuration.
13:46:02.828 [main] DEBUG org.springframework.test.context.support.ActiveProfilesUtils - Could not find an 'annotation declaring class' for annotation type [org.springframework.test.context.ActiveProfiles] and class [com.h3ll3m4.DashboardIoTApplicationTests]
13:46:02.868 [main] DEBUG org.springframework.test.context.BootstrapUtils - Instantiating CacheAwareContextLoaderDelegate from class [org.springframework.test.context.cache.DefaultCacheAwareContextLoaderDelegate]
13:46:02.869 [main] DEBUG org.springframework.test.context.BootstrapUtils - Instantiating BootstrapContext using constructor [public org.springframework.test.context.support.DefaultBootstrapContext(java.lang.Class,org.springframework.test.context.CacheAwareContextLoaderDelegate)]
13:46:02.870 [main] DEBUG org.springframework.test.context.BootstrapUtils - Instantiating TestContextBootstrapper for test class [com.h3ll3m4.DashboardIoTApplicationTests] from class [org.springframework.boot.test.context.SpringBootTestContextBootstrapper]
13:46:02.874 [main] INFO org.springframework.boot.test.context.SpringBootTestContextBootstrapper - Neither @ContextConfiguration nor @ContextHierarchy found for test class [com.h3ll3m4.DashboardIoTApplicationTests], using SpringBootContextLoader
13:46:02.875 [main] DEBUG org.springframework.test.context.support.AbstractContextLoader - Did not detect default resource location for test class [com.h3ll3m4.DashboardIoTApplicationTests]: class path resource [com/h3ll3m4/DashboardIoTApplicationTests-context.xml] does not exist
13:46:02.876 [main] DEBUG org.springframework.test.context.support.AbstractContextLoader - Did not detect default resource location for test class [com.h3ll3m4.DashboardIoTApplicationTests]: class path resource [com/h3ll3m4/DashboardIoTApplicationTestsContext.groovy] does not exist
13:46:02.877 [main] INFO org.springframework.test.context.support.AbstractContextLoader - Could not detect default resource locations for test class [com.h3ll3m4.DashboardIoTApplicationTests]: no resource found for suffixes {-context.xml, Context.groovy}.
13:46:02.877 [main] INFO org.springframework.test.context.support.AnnotationConfigContextLoaderUtils - Could not detect default configuration classes for test class [com.h3ll3m4.DashboardIoTApplicationTests]: DashboardIoTApplicationTests does not declare any static, non-private, non-final, nested classes annotated with @Configuration.
13:46:02.883 [main] DEBUG org.springframework.test.context.support.ActiveProfilesUtils - Could not find an 'annotation declaring class' for annotation type [org.springframework.test.context.ActiveProfiles] and class [com.h3ll3m4.DashboardIoTApplicationTests]
]]></system-out>
  </testcase>
</testsuite>